Determining if the pthread_create exist failed with the following output:
Change Dir: /home/jc/git/dibr-player/build/CMakeFiles/CMakeTmp

Run Build Command:"/usr/bin/make" "cmTC_9251e/fast"
/usr/bin/make -f CMakeFiles/cmTC_9251e.dir/build.make CMakeFiles/cmTC_9251e.dir/build
make[1]: Entering directory '/home/jc/git/dibr-player/build/CMakeFiles/CMakeTmp'
Building C object CMakeFiles/cmTC_9251e.dir/CheckSymbolExists.c.o
/usr/bin/cc    -o CMakeFiles/cmTC_9251e.dir/CheckSymbolExists.c.o   -c /home/jc/git/dibr-player/build/CMakeFiles/CMakeTmp/CheckSymbolExists.c
Linking C executable cmTC_9251e
/usr/bin/cmake -E cmake_link_script CMakeFiles/cmTC_9251e.dir/link.txt --verbose=1
/usr/bin/cc      CMakeFiles/cmTC_9251e.dir/CheckSymbolExists.c.o  -o cmTC_9251e 
CMakeFiles/cmTC_9251e.dir/CheckSymbolExists.c.o: In function `main':
CheckSymbolExists.c:(.text+0x1b): undefined reference to `pthread_create'
collect2: error: ld returned 1 exit status
CMakeFiles/cmTC_9251e.dir/build.make:97: recipe for target 'cmTC_9251e' failed
make[1]: *** [cmTC_9251e] Error 1
make[1]: Leaving directory '/home/jc/git/dibr-player/build/CMakeFiles/CMakeTmp'
Makefile:126: recipe for target 'cmTC_9251e/fast' failed
make: *** [cmTC_9251e/fast] Error 2

File /home/jc/git/dibr-player/build/CMakeFiles/CMakeTmp/CheckSymbolExists.c:
/* */
#include <pthread.h>

int main(int argc, char** argv)
{
  (void)argv;
#ifndef pthread_create
  return ((int*)(&pthread_create))[argc];
#else
  (void)argc;
  return 0;
#endif
}

Determining if the function pthread_create exists in the pthreads failed with the following output:
Change Dir: /home/jc/git/dibr-player/build/CMakeFiles/CMakeTmp

Run Build Command:"/usr/bin/make" "cmTC_f8025/fast"
/usr/bin/make -f CMakeFiles/cmTC_f8025.dir/build.make CMakeFiles/cmTC_f8025.dir/build
make[1]: Entering directory '/home/jc/git/dibr-player/build/CMakeFiles/CMakeTmp'
Building C object CMakeFiles/cmTC_f8025.dir/CheckFunctionExists.c.o
/usr/bin/cc   -DCHECK_FUNCTION_EXISTS=pthread_create   -o CMakeFiles/cmTC_f8025.dir/CheckFunctionExists.c.o   -c /usr/share/cmake-3.10/Modules/CheckFunctionExists.c
Linking C executable cmTC_f8025
/usr/bin/cmake -E cmake_link_script CMakeFiles/cmTC_f8025.dir/link.txt --verbose=1
/usr/bin/cc  -DCHECK_FUNCTION_EXISTS=pthread_create    CMakeFiles/cmTC_f8025.dir/CheckFunctionExists.c.o  -o cmTC_f8025 -lpthreads 
/usr/bin/x86_64-linux-gnu-ld: cannot find -lpthreads
collect2: error: ld returned 1 exit status
CMakeFiles/cmTC_f8025.dir/build.make:97: recipe for target 'cmTC_f8025' failed
make[1]: *** [cmTC_f8025] Error 1
make[1]: Leaving directory '/home/jc/git/dibr-player/build/CMakeFiles/CMakeTmp'
Makefile:126: recipe for target 'cmTC_f8025/fast' failed
make: *** [cmTC_f8025/fast] Error 2


